<?xml version="1.0" encoding="UTF-8"?>
<!-- Generated by org.testng.reporters.JUnitReportReporter -->
<testsuite hostname="LAPTOP-RAG4957O" failures="0" tests="1" name="come.qa.common.BaseTest" time="6.085" errors="0" timestamp="26 Sep 2021 16:20:43 GMT" skipped="0">
  <testcase classname="come.qa.common.BaseTest" name="googlesearch" time="6.085"/>
</testsuite> <!-- come.qa.common.BaseTest -->
